  Newton_method.cpp
d:\vs projects\repos\trpo project\trpo project\newton_method.cpp(22): warning C4018: '<': signed/unsigned mismatch
d:\vs projects\repos\trpo project\trpo project\newton_method.cpp(25): warning C4018: '<': signed/unsigned mismatch
d:\vs projects\repos\trpo project\trpo project\newton_method.cpp(47): warning C4018: '<': signed/unsigned mismatch
d:\vs projects\repos\trpo project\trpo project\newton_method.cpp(65): warning C4018: '<': signed/unsigned mismatch
d:\vs projects\repos\trpo project\trpo project\newton_method.cpp(67): warning C4018: '<': signed/unsigned mismatch
d:\vs projects\repos\trpo project\trpo project\newton_method.cpp(77): warning C4018: '<': signed/unsigned mismatch
d:\vs projects\repos\trpo project\trpo project\newton_method.cpp(86): warning C4018: '<': signed/unsigned mismatch
d:\vs projects\repos\trpo project\trpo project\newton_method.cpp(89): warning C4018: '<': signed/unsigned mismatch
d:\vs projects\repos\trpo project\trpo project\newton_method.cpp(96): warning C4018: '<': signed/unsigned mismatch
d:\vs projects\repos\trpo project\trpo project\newton_method.cpp(102): warning C4018: '<': signed/unsigned mismatch
d:\vs projects\repos\trpo project\trpo project\newton_method.cpp(108): warning C4018: '<': signed/unsigned mismatch
d:\vs projects\repos\trpo project\trpo project\newton_method.cpp(122): warning C4018: '<': signed/unsigned mismatch
d:\vs projects\repos\trpo project\trpo project\newton_method.cpp(139): warning C4018: '<': signed/unsigned mismatch
d:\vs projects\repos\trpo project\trpo project\newton_method.cpp(143): warning C4018: '<': signed/unsigned mismatch
d:\vs projects\repos\trpo project\trpo project\newton_method.cpp(145): warning C4018: '<': signed/unsigned mismatch
d:\vs projects\repos\trpo project\trpo project\newton_method.cpp(157): warning C4018: '<': signed/unsigned mismatch
d:\vs projects\repos\trpo project\trpo project\newton_method.cpp(161): warning C4018: '<': signed/unsigned mismatch
d:\vs projects\repos\trpo project\trpo project\newton_method.cpp(171): warning C4018: '<': signed/unsigned mismatch
  Runge-Kutta_method.cpp
  main.cpp
  nonlinear_equations_system.cpp
d:\vs projects\repos\trpo project\trpo project\nonlinear_equations_system.cpp(111): warning C4018: '<': signed/unsigned mismatch
d:\vs projects\repos\trpo project\trpo project\nonlinear_equations_system.cpp(130): warning C4018: '<': signed/unsigned mismatch
d:\vs projects\repos\trpo project\trpo project\nonlinear_equations_system.cpp(138): warning C4018: '<': signed/unsigned mismatch
d:\vs projects\repos\trpo project\trpo project\nonlinear_equations_system.cpp(149): warning C4018: '<': signed/unsigned mismatch
d:\vs projects\repos\trpo project\trpo project\nonlinear_equations_system.cpp(178): warning C4018: '<': signed/unsigned mismatch
d:\vs projects\repos\trpo project\trpo project\nonlinear_equations_system.cpp(185): warning C4018: '<': signed/unsigned mismatch
  Generating Code...
  LINK : D:\VS Projects\repos\TRPO Project\Debug\TRPO Project.exe not found or not built by the last incremental link; performing full link
  TRPO Project.vcxproj -> D:\VS Projects\repos\TRPO Project\Debug\TRPO Project.exe
